# JRE version: OpenJDK Runtime Environment (8.0_202-b03) (build 1.8.0_202-release-1483-b03)
# Java VM: OpenJDK 64-Bit Server VM (25.202-b03 mixed mode windows-amd64 compressed oops)
Heap:
 PSYoungGen      total 76288K, used 21901K [0x000000076b400000, 0x0000000771b80000, 0x00000007c0000000)
  eden space 65536K, 33% used [0x000000076b400000,0x000000076c9636a8,0x000000076f400000)
  from space 10752K, 0% used [0x000000076fe80000,0x000000076fe80000,0x0000000770900000)
  to   space 10752K, 0% used [0x000000076f400000,0x000000076f400000,0x000000076fe80000)
 ParOldGen       total 119808K, used 12552K [0x00000006c1c00000, 0x00000006c9100000, 0x000000076b400000)
  object space 119808K, 10% used [0x00000006c1c00000,0x00000006c28422c0,0x00000006c9100000)
 Metaspace       used 24191K, capacity 24514K, committed 24752K, reserved 1075200K
  class space    used 3155K, capacity 3231K, committed 3248K, reserved 1048576K
GC Heap History (8 events):
Event: 0.308 GC heap before
{Heap before GC invocations=1 (full 0):
 PSYoungGen      total 76288K, used 39922K [0x000000076b400000, 0x0000000770900000, 0x00000007c0000000)
  eden space 65536K, 60% used [0x000000076b400000,0x000000076dafca68,0x000000076f400000)
  from space 10752K, 0% used [0x000000076fe80000,0x000000076fe80000,0x0000000770900000)
  to   space 10752K, 0% used [0x000000076f400000,0x000000076f400000,0x000000076fe80000)
 ParOldGen       total 175104K, used 0K [0x00000006c1c00000, 0x00000006cc700000, 0x000000076b400000)
  object space 175104K, 0% used [0x00000006c1c00000,0x00000006c1c00000,0x00000006cc700000)
 Metaspace       used 4835K, capacity 5394K, committed 5504K, reserved 1060864K
  class space    used 518K, capacity 569K, committed 640K, reserved 1048576K
Event: 0.310 GC heap after
Heap after GC invocations=1 (full 0):
 PSYoungGen      total 76288K, used 1644K [0x000000076b400000, 0x0000000770900000, 0x00000007c0000000)
  eden space 65536K, 0% used [0x000000076b400000,0x000000076b400000,0x000000076f400000)
  from space 10752K, 15% used [0x000000076f400000,0x000000076f59b228,0x000000076fe80000)
  to   space 10752K, 0% used [0x000000076fe80000,0x000000076fe80000,0x0000000770900000)
 ParOldGen       total 175104K, used 8K [0x00000006c1c00000, 0x00000006cc700000, 0x000000076b400000)
  object space 175104K, 0% used [0x00000006c1c00000,0x00000006c1c02000,0x00000006cc700000)
 Metaspace       used 4835K, capacity 5394K, committed 5504K, reserved 1060864K
  class space    used 518K, capacity 569K, committed 640K, reserved 1048576K
}
Event: 0.310 GC heap before
{Heap before GC invocations=2 (full 1):
 PSYoungGen      total 76288K, used 1644K [0x000000076b400000, 0x0000000770900000, 0x00000007c0000000)
  eden space 65536K, 0% used [0x000000076b400000,0x000000076b400000,0x000000076f400000)
  from space 10752K, 15% used [0x000000076f400000,0x000000076f59b228,0x000000076fe80000)
  to   space 10752K, 0% used [0x000000076fe80000,0x000000076fe80000,0x0000000770900000)
 ParOldGen       total 175104K, used 8K [0x00000006c1c00000, 0x00000006cc700000, 0x000000076b400000)
  object space 175104K, 0% used [0x00000006c1c00000,0x00000006c1c02000,0x00000006cc700000)
 Metaspace       used 4835K, capacity 5394K, committed 5504K, reserved 1060864K
  class space    used 518K, capacity 569K, committed 640K, reserved 1048576K
Event: 0.316 GC heap after
Heap after GC invocations=2 (full 1):
 PSYoungGen      total 76288K, used 0K [0x000000076b400000, 0x0000000770900000, 0x00000007c0000000)
  eden space 65536K, 0% used [0x000000076b400000,0x000000076b400000,0x000000076f400000)
  from space 10752K, 0% used [0x000000076f400000,0x000000076f400000,0x000000076fe80000)
  to   space 10752K, 0% used [0x000000076fe80000,0x000000076fe80000,0x0000000770900000)
 ParOldGen       total 119808K, used 1516K [0x00000006c1c00000, 0x00000006c9100000, 0x000000076b400000)
  object space 119808K, 1% used [0x00000006c1c00000,0x00000006c1d7b3f8,0x00000006c9100000)
 Metaspace       used 4835K, capacity 5394K, committed 5504K, reserved 1058816K
  class space    used 518K, capacity 569K, committed 640K, reserved 1048576K
}
Event: 1.618 GC heap before
{Heap before GC invocations=3 (full 1):
 PSYoungGen      total 76288K, used 62864K [0x000000076b400000, 0x0000000770900000, 0x00000007c0000000)
  eden space 65536K, 95% used [0x000000076b400000,0x000000076f1641b0,0x000000076f400000)
  from space 10752K, 0% used [0x000000076f400000,0x000000076f400000,0x000000076fe80000)
  to   space 10752K, 0% used [0x000000076fe80000,0x000000076fe80000,0x0000000770900000)
 ParOldGen       total 119808K, used 1516K [0x00000006c1c00000, 0x00000006c9100000, 0x000000076b400000)
  object space 119808K, 1% used [0x00000006c1c00000,0x00000006c1d7b3f8,0x00000006c9100000)
 Metaspace       used 20756K, capacity 21094K, committed 21296K, reserved 1071104K
  class space    used 2734K, capacity 2841K, committed 2864K, reserved 1048576K
Event: 1.631 GC heap after
Heap after GC invocations=3 (full 1):
 PSYoungGen      total 76288K, used 10751K [0x000000076b400000, 0x0000000771b80000, 0x00000007c0000000)
  eden space 65536K, 0% used [0x000000076b400000,0x000000076b400000,0x000000076f400000)
  from space 10752K, 99% used [0x000000076fe80000,0x00000007708ffe40,0x0000000770900000)
  to   space 10752K, 0% used [0x000000076f400000,0x000000076f400000,0x000000076fe80000)
 ParOldGen       total 119808K, used 2968K [0x00000006c1c00000, 0x00000006c9100000, 0x000000076b400000)
  object space 119808K, 2% used [0x00000006c1c00000,0x00000006c1ee6150,0x00000006c9100000)
 Metaspace       used 20756K, capacity 21094K, committed 21296K, reserved 1071104K
  class space    used 2734K, capacity 2841K, committed 2864K, reserved 1048576K
}
Event: 1.631 GC heap before
{Heap before GC invocations=4 (full 2):
 PSYoungGen      total 76288K, used 10751K [0x000000076b400000, 0x0000000771b80000, 0x00000007c0000000)
  eden space 65536K, 0% used [0x000000076b400000,0x000000076b400000,0x000000076f400000)
  from space 10752K, 99% used [0x000000076fe80000,0x00000007708ffe40,0x0000000770900000)
  to   space 10752K, 0% used [0x000000076f400000,0x000000076f400000,0x000000076fe80000)
 ParOldGen       total 119808K, used 2968K [0x00000006c1c00000, 0x00000006c9100000, 0x000000076b400000)
  object space 119808K, 2% used [0x00000006c1c00000,0x00000006c1ee6150,0x00000006c9100000)
 Metaspace       used 20756K, capacity 21094K, committed 21296K, reserved 1071104K
  class space    used 2734K, capacity 2841K, committed 2864K, reserved 1048576K
Event: 1.667 GC heap after
Heap after GC invocations=4 (full 2):
 PSYoungGen      total 76288K, used 0K [0x000000076b400000, 0x0000000771b80000, 0x00000007c0000000)
  eden space 65536K, 0% used [0x000000076b400000,0x000000076b400000,0x000000076f400000)
  from space 10752K, 0% used [0x000000076fe80000,0x000000076fe80000,0x0000000770900000)
  to   space 10752K, 0% used [0x000000076f400000,0x000000076f400000,0x000000076fe80000)
 ParOldGen       total 119808K, used 12552K [0x00000006c1c00000, 0x00000006c9100000, 0x000000076b400000)
  object space 119808K, 10% used [0x00000006c1c00000,0x00000006c28422c0,0x00000006c9100000)
 Metaspace       used 20756K, capacity 21094K, committed 21296K, reserved 1071104K
  class space    used 2734K, capacity 2841K, committed 2864K, reserved 1048576K
}

