# JRE version: OpenJDK Runtime Environment (8.0_202-b03) (build 1.8.0_202-release-1483-b03)
# Java VM: OpenJDK 64-Bit Server VM (25.202-b03 mixed mode windows-amd64 compressed oops)
Heap:
 PSYoungGen      total 76288K, used 24419K [0x000000076b400000, 0x0000000772880000, 0x00000007c0000000)
  eden space 65536K, 37% used [0x000000076b400000,0x000000076cbd8f78,0x000000076f400000)
  from space 10752K, 0% used [0x000000076f400000,0x000000076f400000,0x000000076fe80000)
  to   space 10752K, 0% used [0x0000000771e00000,0x0000000771e00000,0x0000000772880000)
 ParOldGen       total 99328K, used 10933K [0x00000006c1c00000, 0x00000006c7d00000, 0x000000076b400000)
  object space 99328K, 11% used [0x00000006c1c00000,0x00000006c26ad7b0,0x00000006c7d00000)
 Metaspace       used 26839K, capacity 27210K, committed 27648K, reserved 1081344K
  class space    used 3647K, capacity 3755K, committed 3840K, reserved 1048576K
GC Heap History (10 events):
Event: 0.806 GC heap before
{Heap before GC invocations=1 (full 0):
 PSYoungGen      total 76288K, used 65536K [0x000000076b400000, 0x0000000770900000, 0x00000007c0000000)
  eden space 65536K, 100% used [0x000000076b400000,0x000000076f400000,0x000000076f400000)
  from space 10752K, 0% used [0x000000076fe80000,0x000000076fe80000,0x0000000770900000)
  to   space 10752K, 0% used [0x000000076f400000,0x000000076f400000,0x000000076fe80000)
 ParOldGen       total 175104K, used 0K [0x00000006c1c00000, 0x00000006cc700000, 0x000000076b400000)
  object space 175104K, 0% used [0x00000006c1c00000,0x00000006c1c00000,0x00000006cc700000)
 Metaspace       used 10823K, capacity 10992K, committed 11264K, reserved 1058816K
  class space    used 1435K, capacity 1508K, committed 1536K, reserved 1048576K
Event: 0.813 GC heap after
Heap after GC invocations=1 (full 0):
 PSYoungGen      total 76288K, used 6117K [0x000000076b400000, 0x0000000770900000, 0x00000007c0000000)
  eden space 65536K, 0% used [0x000000076b400000,0x000000076b400000,0x000000076f400000)
  from space 10752K, 56% used [0x000000076f400000,0x000000076f9f9790,0x000000076fe80000)
  to   space 10752K, 0% used [0x000000076fe80000,0x000000076fe80000,0x0000000770900000)
 ParOldGen       total 175104K, used 16K [0x00000006c1c00000, 0x00000006cc700000, 0x000000076b400000)
  object space 175104K, 0% used [0x00000006c1c00000,0x00000006c1c04000,0x00000006cc700000)
 Metaspace       used 10823K, capacity 10992K, committed 11264K, reserved 1058816K
  class space    used 1435K, capacity 1508K, committed 1536K, reserved 1048576K
}
Event: 0.945 GC heap before
{Heap before GC invocations=2 (full 0):
 PSYoungGen      total 76288K, used 14561K [0x000000076b400000, 0x0000000770900000, 0x00000007c0000000)
  eden space 65536K, 12% used [0x000000076b400000,0x000000076bc3ed48,0x000000076f400000)
  from space 10752K, 56% used [0x000000076f400000,0x000000076f9f9790,0x000000076fe80000)
  to   space 10752K, 0% used [0x000000076fe80000,0x000000076fe80000,0x0000000770900000)
 ParOldGen       total 175104K, used 16K [0x00000006c1c00000, 0x00000006cc700000, 0x000000076b400000)
  object space 175104K, 0% used [0x00000006c1c00000,0x00000006c1c04000,0x00000006cc700000)
 Metaspace       used 13886K, capacity 14084K, committed 14208K, reserved 1073152K
  class space    used 1818K, capacity 1896K, committed 1920K, reserved 1048576K
Event: 0.949 GC heap after
Heap after GC invocations=2 (full 0):
 PSYoungGen      total 76288K, used 3705K [0x000000076b400000, 0x0000000770900000, 0x00000007c0000000)
  eden space 65536K, 0% used [0x000000076b400000,0x000000076b400000,0x000000076f400000)
  from space 10752K, 34% used [0x000000076fe80000,0x000000077021e7d0,0x0000000770900000)
  to   space 10752K, 0% used [0x000000076f400000,0x000000076f400000,0x000000076fe80000)
 ParOldGen       total 175104K, used 88K [0x00000006c1c00000, 0x00000006cc700000, 0x000000076b400000)
  object space 175104K, 0% used [0x00000006c1c00000,0x00000006c1c16010,0x00000006cc700000)
 Metaspace       used 13886K, capacity 14084K, committed 14208K, reserved 1073152K
  class space    used 1818K, capacity 1896K, committed 1920K, reserved 1048576K
}
Event: 0.949 GC heap before
{Heap before GC invocations=3 (full 1):
 PSYoungGen      total 76288K, used 3705K [0x000000076b400000, 0x0000000770900000, 0x00000007c0000000)
  eden space 65536K, 0% used [0x000000076b400000,0x000000076b400000,0x000000076f400000)
  from space 10752K, 34% used [0x000000076fe80000,0x000000077021e7d0,0x0000000770900000)
  to   space 10752K, 0% used [0x000000076f400000,0x000000076f400000,0x000000076fe80000)
 ParOldGen       total 175104K, used 88K [0x00000006c1c00000, 0x00000006cc700000, 0x000000076b400000)
  object space 175104K, 0% used [0x00000006c1c00000,0x00000006c1c16010,0x00000006cc700000)
 Metaspace       used 13886K, capacity 14084K, committed 14208K, reserved 1073152K
  class space    used 1818K, capacity 1896K, committed 1920K, reserved 1048576K
Event: 0.964 GC heap after
Heap after GC invocations=3 (full 1):
 PSYoungGen      total 76288K, used 0K [0x000000076b400000, 0x0000000770900000, 0x00000007c0000000)
  eden space 65536K, 0% used [0x000000076b400000,0x000000076b400000,0x000000076f400000)
  from space 10752K, 0% used [0x000000076fe80000,0x000000076fe80000,0x0000000770900000)
  to   space 10752K, 0% used [0x000000076f400000,0x000000076f400000,0x000000076fe80000)
 ParOldGen       total 99328K, used 3596K [0x00000006c1c00000, 0x00000006c7d00000, 0x000000076b400000)
  object space 99328K, 3% used [0x00000006c1c00000,0x00000006c1f831f8,0x00000006c7d00000)
 Metaspace       used 13886K, capacity 14084K, committed 14208K, reserved 1071104K
  class space    used 1818K, capacity 1896K, committed 1920K, reserved 1048576K
}
Event: 1.799 GC heap before
{Heap before GC invocations=4 (full 1):
 PSYoungGen      total 76288K, used 43476K [0x000000076b400000, 0x0000000770900000, 0x00000007c0000000)
  eden space 65536K, 66% used [0x000000076b400000,0x000000076de75358,0x000000076f400000)
  from space 10752K, 0% used [0x000000076fe80000,0x000000076fe80000,0x0000000770900000)
  to   space 10752K, 0% used [0x000000076f400000,0x000000076f400000,0x000000076fe80000)
 ParOldGen       total 99328K, used 3596K [0x00000006c1c00000, 0x00000006c7d00000, 0x000000076b400000)
  object space 99328K, 3% used [0x00000006c1c00000,0x00000006c1f831f8,0x00000006c7d00000)
 Metaspace       used 23160K, capacity 23442K, committed 23680K, reserved 1077248K
  class space    used 3049K, capacity 3131K, committed 3200K, reserved 1048576K
Event: 1.804 GC heap after
Heap after GC invocations=4 (full 1):
 PSYoungGen      total 76288K, used 8762K [0x000000076b400000, 0x0000000772880000, 0x00000007c0000000)
  eden space 65536K, 0% used [0x000000076b400000,0x000000076b400000,0x000000076f400000)
  from space 10752K, 81% used [0x000000076f400000,0x000000076fc8e900,0x000000076fe80000)
  to   space 10752K, 0% used [0x0000000771e00000,0x0000000771e00000,0x0000000772880000)
 ParOldGen       total 99328K, used 3604K [0x00000006c1c00000, 0x00000006c7d00000, 0x000000076b400000)
  object space 99328K, 3% used [0x00000006c1c00000,0x00000006c1f851f8,0x00000006c7d00000)
 Metaspace       used 23160K, capacity 23442K, committed 23680K, reserved 1077248K
  class space    used 3049K, capacity 3131K, committed 3200K, reserved 1048576K
}
Event: 1.805 GC heap before
{Heap before GC invocations=5 (full 2):
 PSYoungGen      total 76288K, used 8762K [0x000000076b400000, 0x0000000772880000, 0x00000007c0000000)
  eden space 65536K, 0% used [0x000000076b400000,0x000000076b400000,0x000000076f400000)
  from space 10752K, 81% used [0x000000076f400000,0x000000076fc8e900,0x000000076fe80000)
  to   space 10752K, 0% used [0x0000000771e00000,0x0000000771e00000,0x0000000772880000)
 ParOldGen       total 99328K, used 3604K [0x00000006c1c00000, 0x00000006c7d00000, 0x000000076b400000)
  object space 99328K, 3% used [0x00000006c1c00000,0x00000006c1f851f8,0x00000006c7d00000)
 Metaspace       used 23160K, capacity 23442K, committed 23680K, reserved 1077248K
  class space    used 3049K, capacity 3131K, committed 3200K, reserved 1048576K
Event: 1.827 GC heap after
Heap after GC invocations=5 (full 2):
 PSYoungGen      total 76288K, used 0K [0x000000076b400000, 0x0000000772880000, 0x00000007c0000000)
  eden space 65536K, 0% used [0x000000076b400000,0x000000076b400000,0x000000076f400000)
  from space 10752K, 0% used [0x000000076f400000,0x000000076f400000,0x000000076fe80000)
  to   space 10752K, 0% used [0x0000000771e00000,0x0000000771e00000,0x0000000772880000)
 ParOldGen       total 99328K, used 10933K [0x00000006c1c00000, 0x00000006c7d00000, 0x000000076b400000)
  object space 99328K, 11% used [0x00000006c1c00000,0x00000006c26ad7b0,0x00000006c7d00000)
 Metaspace       used 23160K, capacity 23442K, committed 23680K, reserved 1077248K
  class space    used 3049K, capacity 3131K, committed 3200K, reserved 1048576K
}

